#
# There is insufficient memory for the Java Runtime Environment to continue.
# Native memory allocation (malloc) failed to allocate 1048576 bytes for AllocateHeap
# Possible reasons:
#   The system is out of physical RAM or swap space
#   In 32 bit mode, the process size limit was hit
# Possible solutions:
#   Reduce memory load on the system
#   Increase physical memory or swap space
#   Check if swap backing store is full
#   Use 64 bit Java on a 64 bit OS
#   Decrease Java heap size (-Xmx/-Xms)
#   Decrease number of Java threads
#   Decrease Java thread stack sizes (-Xss)
#   Set larger code cache with -XX:ReservedCodeCacheSize=
# This output file may be truncated or incomplete.
#
#  Out of Memory Error (memory/allocation.inline.hpp:61), pid=11348, tid=1216
#
# JRE version:  (8.0_77-b03) (build )
# Java VM: Java HotSpot(TM) 64-Bit Server VM (25.77-b03 mixed mode windows-amd64 compressed oops)
# Failed to write core dump. Minidumps are not enabled by default on client versions of Windows
#

---------------  T H R E A D  ---------------

Current thread (0x00000000021bd800):  JavaThread "Unknown thread" [_thread_in_vm, id=1216, stack(0x0000000002090000,0x0000000002190000)]

Stack: [0x0000000002090000,0x0000000002190000]
[error occurred during error reporting (printing stack bounds), id 0xc0000005]

Native frames: (J=compiled Java code, j=interpreted, Vv=VM code, C=native code)


---------------  P R O C E S S  ---------------

Java Threads: ( => current thread )

Other Threads:

=>0x00000000021bd800 (exited) JavaThread "Unknown thread" [_thread_in_vm, id=1216, stack(0x0000000002090000,0x0000000002190000)]

VM state:not at safepoint (normal execution)

VM Mutex/Monitor currently owned by a thread: None

Heap:
 PSYoungGen      total 18944K, used 327K [0x00000000eab00000, 0x00000000ec000000, 0x0000000100000000)
  eden space 16384K, 2% used [0x00000000eab00000,0x00000000eab51ec8,0x00000000ebb00000)
  from space 2560K, 0% used [0x00000000ebd80000,0x00000000ebd80000,0x00000000ec000000)
  to   space 2560K, 0% used [0x00000000ebb00000,0x00000000ebb00000,0x00000000ebd80000)
 ParOldGen       total 44032K, used 0K [0x00000000c0000000, 0x00000000c2b00000, 0x00000000eab00000)
  object space 44032K, 0% used [0x00000000c0000000,0x00000000c0000000,0x00000000c2b00000)
 Metaspace       used 769K, capacity 4480K, committed 4480K, reserved 1056768K
  class space    used 75K, capacity 384K, committed 384K, reserved 1048576K

Card table byte_map: [0x0000000011680000,0x0000000011890000] byte_map_base: 0x0000000011080000

Marking Bits: (ParMarkBitMap*) 0x0000000063280600
 Begin Bits: [0x00000000121f0000, 0x00000000131f0000)
 End Bits:   [0x00000000131f0000, 0x00000000141f0000)

Polling page: 0x0000000000720000

CodeCache: size=245760Kb used=328Kb max_used=328Kb free=245431Kb
 bounds [0x00000000022c0000, 0x0000000002530000, 0x00000000112c0000]
 total_blobs=58 nmethods=0 adapters=38
 compilation: enabled

Compilation events (0 events):
No events

GC Heap History (0 events):
No events

Deoptimization events (0 events):
No events

Internal exceptions (0 events):
No events

Events (10 events):
Event: 0.087 loading class java/lang/Short
Event: 0.087 loading class java/lang/Short done
Event: 0.087 loading class java/lang/Integer
Event: 0.087 loading class java/lang/Integer done
Event: 0.087 loading class java/lang/Long
Event: 0.087 loading class java/lang/Long done
Event: 0.088 loading class java/lang/NullPointerException
Event: 0.088 loading class java/lang/NullPointerException done
Event: 0.088 loading class java/lang/ArithmeticException
Event: 0.088 loading class java/lang/ArithmeticException done


Dynamic libraries:
0x00007ff617ba0000 - 0x00007ff617bd7000 	C:\Program Files\Java\jdk1.8.0_77\bin\java.exe
0x00007ffc3cf90000 - 0x00007ffc3d13d000 	C:\WINDOWS\SYSTEM32\ntdll.dll
0x00007ffc3ad10000 - 0x00007ffc3ae4e000 	C:\WINDOWS\system32\KERNEL32.DLL
0x00007ffc3a1e0000 - 0x00007ffc3a2f5000 	C:\WINDOWS\system32\KERNELBASE.dll
0x00007ffc38c20000 - 0x00007ffc38cae000 	C:\WINDOWS\system32\apphelp.dll
0x00007ffc25e70000 - 0x00007ffc25ec3000 	C:\WINDOWS\AppPatch\AppPatch64\AcGenral.DLL
0x00007ffc3a830000 - 0x00007ffc3a8da000 	C:\WINDOWS\system32\msvcrt.dll
0x00007ffc3a530000 - 0x00007ffc3a55e000 	C:\WINDOWS\system32\SspiCli.dll
0x00007ffc3cbf0000 - 0x00007ffc3cc44000 	C:\WINDOWS\system32\SHLWAPI.dll
0x00007ffc3c9b0000 - 0x00007ffc3cb27000 	C:\WINDOWS\system32\USER32.dll
0x00007ffc3c5f0000 - 0x00007ffc3c784000 	C:\WINDOWS\system32\ole32.dll
0x00007ffc3b050000 - 0x00007ffc3c578000 	C:\WINDOWS\system32\SHELL32.dll
0x00007ffc39650000 - 0x00007ffc39671000 	C:\WINDOWS\SYSTEM32\USERENV.dll
0x00007ffc3ae50000 - 0x00007ffc3aefa000 	C:\WINDOWS\system32\ADVAPI32.dll
0x00007ffc37460000 - 0x00007ffc3747e000 	C:\WINDOWS\SYSTEM32\MPR.dll
0x00007ffc3aac0000 - 0x00007ffc3ac00000 	C:\WINDOWS\system32\RPCRT4.dll
0x00007ffc3c950000 - 0x00007ffc3c9a9000 	C:\WINDOWS\SYSTEM32\sechost.dll
0x00007ffc3a610000 - 0x00007ffc3a821000 	C:\WINDOWS\SYSTEM32\combase.dll
0x00007ffc3c800000 - 0x00007ffc3c94f000 	C:\WINDOWS\system32\GDI32.dll
0x00007ffc3a0b0000 - 0x00007ffc3a0c5000 	C:\WINDOWS\SYSTEM32\profapi.dll
0x00007ffc385a0000 - 0x00007ffc38652000 	C:\WINDOWS\SYSTEM32\SHCORE.dll
0x00007ffc3acd0000 - 0x00007ffc3ad06000 	C:\WINDOWS\system32\IMM32.DLL
0x00007ffc3ce30000 - 0x00007ffc3cf82000 	C:\WINDOWS\system32\MSCTF.dll
0x00007ffc38120000 - 0x00007ffc3839b000 	C:\WINDOWS\WinSxS\amd64_microsoft.windows.common-controls_6595b64144ccf1df_6.0.9600.18006_none_623f33d3ecbe86e8\COMCTL32.dll
0x0000000063300000 - 0x00000000633d2000 	C:\Program Files\Java\jdk1.8.0_77\jre\bin\msvcr100.dll
0x0000000062a70000 - 0x0000000063300000 	C:\Program Files\Java\jdk1.8.0_77\jre\bin\server\jvm.dll
0x00007ffc239a0000 - 0x00007ffc239a9000 	C:\WINDOWS\SYSTEM32\WSOCK32.dll
0x00007ffc36320000 - 0x00007ffc36342000 	C:\WINDOWS\SYSTEM32\WINMM.dll
0x00007ffc39110000 - 0x00007ffc3911a000 	C:\WINDOWS\SYSTEM32\VERSION.dll
0x00007ffc3b040000 - 0x00007ffc3b047000 	C:\WINDOWS\system32\PSAPI.DLL
0x00007ffc3c580000 - 0x00007ffc3c5da000 	C:\WINDOWS\system32\WS2_32.dll
0x00007ffc362f0000 - 0x00007ffc3631a000 	C:\WINDOWS\SYSTEM32\WINMMBASE.dll
0x00007ffc3b030000 - 0x00007ffc3b039000 	C:\WINDOWS\system32\NSI.dll
0x00007ffc3a300000 - 0x00007ffc3a34f000 	C:\WINDOWS\SYSTEM32\cfgmgr32.dll
0x00007ffc38e70000 - 0x00007ffc38e98000 	C:\WINDOWS\SYSTEM32\DEVOBJ.dll
0x0000000062a60000 - 0x0000000062a6f000 	C:\Program Files\Java\jdk1.8.0_77\jre\bin\verify.dll
0x0000000062a30000 - 0x0000000062a59000 	C:\Program Files\Java\jdk1.8.0_77\jre\bin\java.dll
0x0000000062a10000 - 0x0000000062a26000 	C:\Program Files\Java\jdk1.8.0_77\jre\bin\zip.dll

VM Arguments:
jvm_args: -Djava.awt.headless=true -Xmx1024M -Dfile.encoding=windows-1252 -Duser.country=ID -Duser.language=in -Duser.variant 
java_command: com.android.dx.command.Main --dex --force-jumbo --num-threads=4 --multi-dex --output C:\Users\Helmi_mii\AndroidStudioProjects\Mobile_ova\app\build\intermediates\transforms\dex\debug\folders\1000\10\com.android.support-support-core-ui-25.3.1_411c0721e8395267467c23164f18490c90863de4 C:\Users\Helmi_mii\AndroidStudioProjects\Mobile_ova\app\build\intermediates\exploded-aar\com.android.support\support-core-ui\25.3.1\jars\classes.jar
java_class_path (initial): C:\Users\Helmi_mii\AppData\Local\Android\sdk\build-tools\25.0.2\lib\dx.jar
Launcher Type: SUN_STANDARD

Environment Variables:
PATH=C:\ProgramData\Oracle\Java\javapath;C:\Program Files (x86)\Intel\iCLS Client\;C:\Program Files\Intel\iCLS Client\;C:\WINDOWS\system32;C:\WINDOWS;C:\WINDOWS\System32\Wbem;C:\WINDOWS\System32\WindowsPowerShell\v1.0\;C:\Program Files\Intel\Intel(R) Management Engine Components\DAL;C:\Program Files\Intel\Intel(R) Management Engine Components\IPT;C:\Program Files (x86)\Intel\Intel(R) Management Engine Components\DAL;C:\Program Files (x86)\Intel\Intel(R) Management Engine Components\IPT;C:\Program Files (x86)\NVIDIA Corporation\PhysX\Common;C:\Program Files\OpenVPN\bin;C:\Program Files (x86)\Skype\Phone\;C:\Program Files (x86)\Brackets\command;
USERNAME=Helmi_mii
OS=Windows_NT
PROCESSOR_IDENTIFIER=Intel64 Family 6 Model 60 Stepping 3, GenuineIntel



---------------  S Y S T E M  ---------------

OS: Windows 8.1 , 64 bit Build 9600 (6.3.9600.17415)

CPU:total 8 (4 cores per cpu, 2 threads per core) family 6 model 60 stepping 3, cmov, cx8, fxsr, mmx, sse, sse2, sse3, ssse3, sse4.1, sse4.2, popcnt, avx, avx2, aes, clmul, erms, lzcnt, ht, tsc, tscinvbit, bmi1, bmi2

Memory: 4k page, physical 4072548k(520732k free), swap 7218276k(116068k free)

vm_info: Java HotSpot(TM) 64-Bit Server VM (25.77-b03) for windows-amd64 JRE (1.8.0_77-b03), built on Mar 20 2016 22:01:33 by "java_re" with MS VC++ 10.0 (VS2010)

time: Wed Apr 19 07:06:17 2017
elapsed time: 0 seconds (0d 0h 0m 0s)

